\BOOKMARK [0][]{chapter*.2}{Thursday, 8 January 2015}{}% 1
\BOOKMARK [1][]{experiment.1.1}{Modeling varying interfaces for the SSAF}{chapter*.2}% 2
\BOOKMARK [2][]{subexperiment.1.1.1}{Last time...Inversions 11, 12, and 13}{experiment.1.1}% 3
\BOOKMARK [2][]{subexperiment.1.1.2}{Inversion 14}{experiment.1.1}% 4
\BOOKMARK [2][]{subexperiment.1.1.3}{Raytracing and Inversion Output}{experiment.1.1}% 5
\BOOKMARK [0][]{chapter*.3}{Friday, 9 January 2015}{}% 6
\BOOKMARK [1][]{experiment.2.1}{Continuing Inversion 14}{chapter*.3}% 7
\BOOKMARK [2][]{subexperiment.2.1.1}{Inversion 14 steps and results}{experiment.2.1}% 8
\BOOKMARK [0][]{chapter*.4}{Thursday, 15 January 2015}{}% 9
\BOOKMARK [1][]{experiment.3.1}{Inversion 15 - Interface to the W of the SSAF trace}{chapter*.4}% 10
\BOOKMARK [2][]{subexperiment.3.1.1}{Raytracing and Inversion Output}{experiment.3.1}% 11
\BOOKMARK [2][]{subexperiment.3.1.2}{Inversion 15 Results}{experiment.3.1}% 12
\BOOKMARK [1][]{experiment.3.2}{Inversion 16}{chapter*.4}% 13
\BOOKMARK [2][]{subexperiment.3.2.1}{Inversion 16 setup}{experiment.3.2}% 14
\BOOKMARK [2][]{subexperiment.3.2.2}{Raytracing and Inversion Output}{experiment.3.2}% 15
\BOOKMARK [2][]{subexperiment.3.2.3}{Inversion 16 results}{experiment.3.2}% 16
\BOOKMARK [0][]{chapter*.5}{Friday, 16 January 2015}{}% 17
\BOOKMARK [1][]{experiment.4.1}{Move Interface East of the SSAF Surface trace - Inversion 17}{chapter*.5}% 18
\BOOKMARK [2][]{subexperiment.4.1.1}{Inversion 17 Setup}{experiment.4.1}% 19
\BOOKMARK [2][]{subexperiment.4.1.2}{Inversion 17 Raytracing and Inversion Output}{experiment.4.1}% 20
\BOOKMARK [2][]{subexperiment.4.1.3}{Inversion 17 Shuttles}{experiment.4.1}% 21
\BOOKMARK [2][]{subexperiment.4.1.4}{Inversion 17 Results}{experiment.4.1}% 22
\BOOKMARK [1][]{experiment.4.2}{Inversion 18}{chapter*.5}% 23
\BOOKMARK [2][]{subexperiment.4.2.1}{Inversion 18 setup}{experiment.4.2}% 24
\BOOKMARK [2][]{subexperiment.4.2.2}{Inversion 18 Raytracing and Inversion Output}{experiment.4.2}% 25
\BOOKMARK [2][]{subexperiment.4.2.3}{Inversion 18 Shuttle Method}{experiment.4.2}% 26
\BOOKMARK [2][]{subexperiment.4.2.4}{Inversion 18 Results}{experiment.4.2}% 27
\BOOKMARK [1][]{experiment.4.3}{Inversion 19; Run shuttles earlier on inv 18}{chapter*.5}% 28
\BOOKMARK [2][]{subexperiment.4.3.1}{Inversion 19 Setup}{experiment.4.3}% 29
\BOOKMARK [2][]{subexperiment.4.3.2}{Inversion 19 Raytracing and Inversion Output}{experiment.4.3}% 30
\BOOKMARK [2][]{subexperiment.4.3.3}{Inversion 19 Results}{experiment.4.3}% 31
\BOOKMARK [1][]{experiment.4.4}{Inversion 20: Inversion 17 without MCS constraints}{chapter*.5}% 32
\BOOKMARK [2][]{subexperiment.4.4.1}{Inversion 20 setup}{experiment.4.4}% 33
\BOOKMARK [2][]{subexperiment.4.4.2}{Inversion 20 Raytracing and Inversion Output}{experiment.4.4}% 34
\BOOKMARK [2][]{subexperiment.4.4.3}{Inversion 20 shuttles}{experiment.4.4}% 35
\BOOKMARK [2][]{subexperiment.4.4.4}{Inversion 20 Results}{experiment.4.4}% 36
\BOOKMARK [1][]{experiment.4.5}{Inversion 21 - Inversion 18 w/o MCS constraints}{chapter*.5}% 37
\BOOKMARK [2][]{subexperiment.4.5.1}{Inversion 21 Setup}{experiment.4.5}% 38
\BOOKMARK [2][]{subexperiment.4.5.2}{Raytracing and Inversion Output}{experiment.4.5}% 39
\BOOKMARK [2][]{subexperiment.4.5.3}{Inversion 21 Shuttles Method}{experiment.4.5}% 40
\BOOKMARK [2][]{subexperiment.4.5.4}{Inversion 21 Results}{experiment.4.5}% 41
\BOOKMARK [0][]{chapter*.6}{Thursday, 29 January 2015}{}% 42
\BOOKMARK [1][]{experiment.5.1}{Summary}{chapter*.6}% 43
\BOOKMARK [2][]{subexperiment.5.1.1}{Interface at the SSAF surface trace}{experiment.5.1}% 44
\BOOKMARK [2][]{subexperiment.5.1.2}{Interface to the West of the SSAF surface trace}{experiment.5.1}% 45
\BOOKMARK [2][]{subexperiment.5.1.3}{Interface to the East of the SSAF trace}{experiment.5.1}% 46
\BOOKMARK [2][]{subexperiment.5.1.4}{Conclusions??}{experiment.5.1}% 47
