This is pdfTeX, Version 3.14159265-2.6-1.40.15 (TeX Live 2014) (preloaded format=pdflatex 2014.5.25)  30 JAN 2015 20:15
entering extended mode
 \write18 enabled.
 file:line:error style messages enabled.
 %&-line parsing enabled.
**journal.tex
(./journal.tex
LaTeX2e <2014/05/01>
Babel <3.9k> and hyphenation patterns for 78 languages loaded.
(./labbook.cls
Document Class: labbook 2003/05/20 v1.1 LaTeX2e labbook document class
(/usr/local/texlive/2014/texmf-dist/tex/latex/koma-script/scrbook.cls
Document Class: scrbook 2013/12/19 v3.12 KOMA-Script document class (book)
(/usr/local/texlive/2014/texmf-dist/tex/latex/koma-script/scrkbase.sty
Package: scrkbase 2013/12/19 v3.12 KOMA-Script package (KOMA-Script-dependent b
asics and keyval usage)

(/usr/local/texlive/2014/texmf-dist/tex/latex/koma-script/scrbase.sty
Package: scrbase 2013/12/19 v3.12 KOMA-Script package (KOMA-Script-independent 
basics and keyval usage)

(/usr/local/texlive/2014/texmf-dist/tex/latex/graphics/keyval.sty
Package: keyval 2014/05/08 v1.15 key=value parser (DPC)
\KV@toks@=\toks14
)
(/usr/local/texlive/2014/texmf-dist/tex/latex/koma-script/scrlfile.sty
Package: scrlfile 2013/12/19 v3.12 KOMA-Script package (loading files)

Package scrlfile, 2013/12/19 v3.12 KOMA-Script package (loading files)
                  Copyright (C) Markus Kohm

))) (/usr/local/texlive/2014/texmf-dist/tex/latex/koma-script/tocbasic.sty
Package: tocbasic 2013/12/19 v3.12 KOMA-Script package (handling toc-files)
)
Package tocbasic Info: omitting babel extension for `toc'
(tocbasic)             because of feature `nobabel' available
(tocbasic)             for `toc' on input line 117.
Package tocbasic Info: omitting babel extension for `lof'
(tocbasic)             because of feature `nobabel' available
(tocbasic)             for `lof' on input line 118.
Package tocbasic Info: omitting babel extension for `lot'
(tocbasic)             because of feature `nobabel' available
(tocbasic)             for `lot' on input line 119.
Package tocbasic Info: defining new hook before heading of `' on input line 111
8.
Package scrbase Info: Unknown processing state.
(scrbase)             Processing option `twoside'
(scrbase)             of member `.scrbook.cls' of family
(scrbase)             `KOMA' doesn't set
(scrbase)             a valid state. This will be interpreted
(scrbase)             as \FamilyKeyStateProcessed on input line 1269.
Class scrbook Info: File `scrsize11pt.clo' used to setup font sizes on input li
ne 1655.

(/usr/local/texlive/2014/texmf-dist/tex/latex/koma-script/scrsize11pt.clo
File: scrsize11pt.clo 2013/12/19 v3.12 KOMA-Script font size class option (11pt
)
)
(/usr/local/texlive/2014/texmf-dist/tex/latex/koma-script/typearea.sty
Package: typearea 2013/12/19 v3.12 KOMA-Script package (type area)

Package typearea, 2013/12/19 v3.12 KOMA-Script package (type area)
                  Copyright (C) Frank Neukam, 1992-1994
                  Copyright (C) Markus Kohm, 1994-

\ta@bcor=\skip41
\ta@div=\count79
\ta@hblk=\skip42
\ta@vblk=\skip43
\ta@temp=\skip44
\footheight=\skip45
Package typearea Info: These are the values describing the layout:
(typearea)             DIV  = 10
(typearea)             BCOR = 0.0pt
(typearea)             \paperwidth      = 597.50793pt
(typearea)              \textwidth      = 418.25555pt
(typearea)              DIV departure   = -6%
(typearea)              \evensidemargin = 47.2316pt
(typearea)              \oddsidemargin  = -12.5192pt
(typearea)             \paperheight     = 845.04694pt
(typearea)              \textheight     = 595.80026pt
(typearea)              \topmargin      = -25.16531pt
(typearea)              \headheight     = 17.0pt
(typearea)              \headsep        = 20.40001pt
(typearea)              \topskip        = 11.0pt
(typearea)              \footskip       = 47.6pt
(typearea)              \baselineskip   = 13.6pt
(typearea)              on input line 1330.
)
\c@part=\count80
\c@chapter=\count81
\c@section=\count82
\c@subsection=\count83
\c@subsubsection=\count84
\c@paragraph=\count85
\c@subparagraph=\count86
\abovecaptionskip=\skip46
\belowcaptionskip=\skip47
\c@pti@nb@sid@b@x=\box26
\c@figure=\count87
\c@table=\count88
\bibindent=\dimen102
) (/usr/local/texlive/2014/texmf-dist/tex/latex/base/makeidx.sty
Package: makeidx 2000/03/29 v1.0m Standard LaTeX package
)
\@indexfile=\write3
\openout3 = `journal.idx'.


Writing index file journal.idx
\FK@toks@=\toks15
\c@fk@commasep@argnumber=\count89
\c@fk@atdashsep@argnumber=\count90
\c@labday=\count91
\c@experiment=\count92
\c@subexperiment=\count93
) (/usr/local/texlive/2014/texmf-dist/tex/latex/geometry/geometry.sty
Package: geometry 2010/09/12 v5.6 Page Geometry

(/usr/local/texlive/2014/texmf-dist/tex/generic/oberdiek/ifpdf.sty
Package: ifpdf 2011/01/30 v2.3 Provides the ifpdf switch (HO)
Package ifpdf Info: pdfTeX in PDF mode is detected.
)
(/usr/local/texlive/2014/texmf-dist/tex/generic/oberdiek/ifvtex.sty
Package: ifvtex 2010/03/01 v1.5 Detect VTeX and its facilities (HO)
Package ifvtex Info: VTeX not detected.
)
(/usr/local/texlive/2014/texmf-dist/tex/generic/ifxetex/ifxetex.sty
Package: ifxetex 2010/09/12 v0.6 Provides ifxetex conditional
)
\Gm@cnth=\count94
\Gm@cntv=\count95
\c@Gm@tempcnt=\count96
\Gm@bindingoffset=\dimen103
\Gm@wd@mp=\dimen104
\Gm@odd@mp=\dimen105
\Gm@even@mp=\dimen106
\Gm@layoutwidth=\dimen107
\Gm@layoutheight=\dimen108
\Gm@layouthoffset=\dimen109
\Gm@layoutvoffset=\dimen110
\Gm@dimlist=\toks16
)
(/usr/local/texlive/2014/texmf-dist/tex/generic/babel/babel.sty
Package: babel 2014/03/24 3.9k The Babel package

(/usr/local/texlive/2014/texmf-dist/tex/generic/babel-english/english.ldf
Language: english 2012/08/20 v3.3p English support from the babel system

(/usr/local/texlive/2014/texmf-dist/tex/generic/babel/babel.def
File: babel.def 2014/03/24 3.9k Babel common definitions
\babel@savecnt=\count97
\U@D=\dimen111
)
\l@canadian = a dialect from \language\l@american 
\l@australian = a dialect from \language\l@british 
\l@newzealand = a dialect from \language\l@british 
))
(/usr/local/texlive/2014/texmf-dist/tex/latex/lipsum/lipsum.sty
Package: lipsum 2011/04/14 v1.2 150 paragraphs of Lorem Ipsum dummy text
\c@lips@count=\count98
)
(/usr/local/texlive/2014/texmf-dist/tex/latex/base/inputenc.sty
Package: inputenc 2014/04/30 v1.2b Input encoding file
\inpenc@prehook=\toks17
\inpenc@posthook=\toks18

(/usr/local/texlive/2014/texmf-dist/tex/latex/base/utf8.def
File: utf8.def 2008/04/05 v1.1m UTF-8 support for inputenc
Now handling font encoding OML ...
... no UTF-8 mapping file for font encoding OML
Now handling font encoding T1 ...
... processing UTF-8 mapping file for font encoding T1

(/usr/local/texlive/2014/texmf-dist/tex/latex/base/t1enc.dfu
File: t1enc.dfu 2008/04/05 v1.1m UTF-8 support for inputenc
   defining Unicode char U+00A1 (decimal 161)
   defining Unicode char U+00A3 (decimal 163)
   defining Unicode char U+00AB (decimal 171)
   defining Unicode char U+00BB (decimal 187)
   defining Unicode char U+00BF (decimal 191)
   defining Unicode char U+00C0 (decimal 192)
   defining Unicode char U+00C1 (decimal 193)
   defining Unicode char U+00C2 (decimal 194)
   defining Unicode char U+00C3 (decimal 195)
   defining Unicode char U+00C4 (decimal 196)
   defining Unicode char U+00C5 (decimal 197)
   defining Unicode char U+00C6 (decimal 198)
   defining Unicode char U+00C7 (decimal 199)
   defining Unicode char U+00C8 (decimal 200)
   defining Unicode char U+00C9 (decimal 201)
   defining Unicode char U+00CA (decimal 202)
   defining Unicode char U+00CB (decimal 203)
   defining Unicode char U+00CC (decimal 204)
   defining Unicode char U+00CD (decimal 205)
   defining Unicode char U+00CE (decimal 206)
   defining Unicode char U+00CF (decimal 207)
   defining Unicode char U+00D0 (decimal 208)
   defining Unicode char U+00D1 (decimal 209)
   defining Unicode char U+00D2 (decimal 210)
   defining Unicode char U+00D3 (decimal 211)
   defining Unicode char U+00D4 (decimal 212)
   defining Unicode char U+00D5 (decimal 213)
   defining Unicode char U+00D6 (decimal 214)
   defining Unicode char U+00D8 (decimal 216)
   defining Unicode char U+00D9 (decimal 217)
   defining Unicode char U+00DA (decimal 218)
   defining Unicode char U+00DB (decimal 219)
   defining Unicode char U+00DC (decimal 220)
   defining Unicode char U+00DD (decimal 221)
   defining Unicode char U+00DE (decimal 222)
   defining Unicode char U+00DF (decimal 223)
   defining Unicode char U+00E0 (decimal 224)
   defining Unicode char U+00E1 (decimal 225)
   defining Unicode char U+00E2 (decimal 226)
   defining Unicode char U+00E3 (decimal 227)
   defining Unicode char U+00E4 (decimal 228)
   defining Unicode char U+00E5 (decimal 229)
   defining Unicode char U+00E6 (decimal 230)
   defining Unicode char U+00E7 (decimal 231)
   defining Unicode char U+00E8 (decimal 232)
   defining Unicode char U+00E9 (decimal 233)
   defining Unicode char U+00EA (decimal 234)
   defining Unicode char U+00EB (decimal 235)
   defining Unicode char U+00EC (decimal 236)
   defining Unicode char U+00ED (decimal 237)
   defining Unicode char U+00EE (decimal 238)
   defining Unicode char U+00EF (decimal 239)
   defining Unicode char U+00F0 (decimal 240)
   defining Unicode char U+00F1 (decimal 241)
   defining Unicode char U+00F2 (decimal 242)
   defining Unicode char U+00F3 (decimal 243)
   defining Unicode char U+00F4 (decimal 244)
   defining Unicode char U+00F5 (decimal 245)
   defining Unicode char U+00F6 (decimal 246)
   defining Unicode char U+00F8 (decimal 248)
   defining Unicode char U+00F9 (decimal 249)
   defining Unicode char U+00FA (decimal 250)
   defining Unicode char U+00FB (decimal 251)
   defining Unicode char U+00FC (decimal 252)
   defining Unicode char U+00FD (decimal 253)
   defining Unicode char U+00FE (decimal 254)
   defining Unicode char U+00FF (decimal 255)
   defining Unicode char U+0102 (decimal 258)
   defining Unicode char U+0103 (decimal 259)
   defining Unicode char U+0104 (decimal 260)
   defining Unicode char U+0105 (decimal 261)
   defining Unicode char U+0106 (decimal 262)
   defining Unicode char U+0107 (decimal 263)
   defining Unicode char U+010C (decimal 268)
   defining Unicode char U+010D (decimal 269)
   defining Unicode char U+010E (decimal 270)
   defining Unicode char U+010F (decimal 271)
   defining Unicode char U+0110 (decimal 272)
   defining Unicode char U+0111 (decimal 273)
   defining Unicode char U+0118 (decimal 280)
   defining Unicode char U+0119 (decimal 281)
   defining Unicode char U+011A (decimal 282)
   defining Unicode char U+011B (decimal 283)
   defining Unicode char U+011E (decimal 286)
   defining Unicode char U+011F (decimal 287)
   defining Unicode char U+0130 (decimal 304)
   defining Unicode char U+0131 (decimal 305)
   defining Unicode char U+0132 (decimal 306)
   defining Unicode char U+0133 (decimal 307)
   defining Unicode char U+0139 (decimal 313)
   defining Unicode char U+013A (decimal 314)
   defining Unicode char U+013D (decimal 317)
   defining Unicode char U+013E (decimal 318)
   defining Unicode char U+0141 (decimal 321)
   defining Unicode char U+0142 (decimal 322)
   defining Unicode char U+0143 (decimal 323)
   defining Unicode char U+0144 (decimal 324)
   defining Unicode char U+0147 (decimal 327)
   defining Unicode char U+0148 (decimal 328)
   defining Unicode char U+014A (decimal 330)
   defining Unicode char U+014B (decimal 331)
   defining Unicode char U+0150 (decimal 336)
   defining Unicode char U+0151 (decimal 337)
   defining Unicode char U+0152 (decimal 338)
   defining Unicode char U+0153 (decimal 339)
   defining Unicode char U+0154 (decimal 340)
   defining Unicode char U+0155 (decimal 341)
   defining Unicode char U+0158 (decimal 344)
   defining Unicode char U+0159 (decimal 345)
   defining Unicode char U+015A (decimal 346)
   defining Unicode char U+015B (decimal 347)
   defining Unicode char U+015E (decimal 350)
   defining Unicode char U+015F (decimal 351)
   defining Unicode char U+0160 (decimal 352)
   defining Unicode char U+0161 (decimal 353)
   defining Unicode char U+0162 (decimal 354)
   defining Unicode char U+0163 (decimal 355)
   defining Unicode char U+0164 (decimal 356)
   defining Unicode char U+0165 (decimal 357)
   defining Unicode char U+016E (decimal 366)
   defining Unicode char U+016F (decimal 367)
   defining Unicode char U+0170 (decimal 368)
   defining Unicode char U+0171 (decimal 369)
   defining Unicode char U+0178 (decimal 376)
   defining Unicode char U+0179 (decimal 377)
   defining Unicode char U+017A (decimal 378)
   defining Unicode char U+017B (decimal 379)
   defining Unicode char U+017C (decimal 380)
   defining Unicode char U+017D (decimal 381)
   defining Unicode char U+017E (decimal 382)
   defining Unicode char U+200C (decimal 8204)
   defining Unicode char U+2013 (decimal 8211)
   defining Unicode char U+2014 (decimal 8212)
   defining Unicode char U+2018 (decimal 8216)
   defining Unicode char U+2019 (decimal 8217)
   defining Unicode char U+201A (decimal 8218)
   defining Unicode char U+201C (decimal 8220)
   defining Unicode char U+201D (decimal 8221)
   defining Unicode char U+201E (decimal 8222)
   defining Unicode char U+2030 (decimal 8240)
   defining Unicode char U+2031 (decimal 8241)
   defining Unicode char U+2039 (decimal 8249)
   defining Unicode char U+203A (decimal 8250)
   defining Unicode char U+2423 (decimal 9251)
)
Now handling font encoding OT1 ...
... processing UTF-8 mapping file for font encoding OT1

(/usr/local/texlive/2014/texmf-dist/tex/latex/base/ot1enc.dfu
File: ot1enc.dfu 2008/04/05 v1.1m UTF-8 support for inputenc
   defining Unicode char U+00A1 (decimal 161)
   defining Unicode char U+00A3 (decimal 163)
   defining Unicode char U+00B8 (decimal 184)
   defining Unicode char U+00BF (decimal 191)
   defining Unicode char U+00C5 (decimal 197)
   defining Unicode char U+00C6 (decimal 198)
   defining Unicode char U+00D8 (decimal 216)
   defining Unicode char U+00DF (decimal 223)
   defining Unicode char U+00E6 (decimal 230)
   defining Unicode char U+00EC (decimal 236)
   defining Unicode char U+00ED (decimal 237)
   defining Unicode char U+00EE (decimal 238)
   defining Unicode char U+00EF (decimal 239)
   defining Unicode char U+00F8 (decimal 248)
   defining Unicode char U+0131 (decimal 305)
   defining Unicode char U+0141 (decimal 321)
   defining Unicode char U+0142 (decimal 322)
   defining Unicode char U+0152 (decimal 338)
   defining Unicode char U+0153 (decimal 339)
   defining Unicode char U+2013 (decimal 8211)
   defining Unicode char U+2014 (decimal 8212)
   defining Unicode char U+2018 (decimal 8216)
   defining Unicode char U+2019 (decimal 8217)
   defining Unicode char U+201C (decimal 8220)
   defining Unicode char U+201D (decimal 8221)
)
Now handling font encoding OMS ...
... processing UTF-8 mapping file for font encoding OMS

(/usr/local/texlive/2014/texmf-dist/tex/latex/base/omsenc.dfu
File: omsenc.dfu 2008/04/05 v1.1m UTF-8 support for inputenc
   defining Unicode char U+00A7 (decimal 167)
   defining Unicode char U+00B6 (decimal 182)
   defining Unicode char U+00B7 (decimal 183)
   defining Unicode char U+2020 (decimal 8224)
   defining Unicode char U+2021 (decimal 8225)
   defining Unicode char U+2022 (decimal 8226)
)
Now handling font encoding OMX ...
... no UTF-8 mapping file for font encoding OMX
Now handling font encoding U ...
... no UTF-8 mapping file for font encoding U
   defining Unicode char U+00A9 (decimal 169)
   defining Unicode char U+00AA (decimal 170)
   defining Unicode char U+00AE (decimal 174)
   defining Unicode char U+00BA (decimal 186)
   defining Unicode char U+02C6 (decimal 710)
   defining Unicode char U+02DC (decimal 732)
   defining Unicode char U+200C (decimal 8204)
   defining Unicode char U+2026 (decimal 8230)
   defining Unicode char U+2122 (decimal 8482)
   defining Unicode char U+2423 (decimal 9251)
))
(/usr/local/texlive/2014/texmf-dist/tex/latex/base/fontenc.sty
Package: fontenc 2005/09/27 v1.99g Standard LaTeX package

(/usr/local/texlive/2014/texmf-dist/tex/latex/base/t1enc.def
File: t1enc.def 2005/09/27 v1.99g Standard LaTeX file
LaTeX Font Info:    Redeclaring font encoding T1 on input line 43.
))
(/usr/local/texlive/2014/texmf-dist/tex/latex/psnfss/mathpazo.sty
Package: mathpazo 2005/04/12 PSNFSS-v9.2a Palatino w/ Pazo Math (D.Puga, WaS) 
\symupright=\mathgroup4
)
(/usr/local/texlive/2014/texmf-dist/tex/latex/bera/beramono.sty
Package: beramono 2004/01/31 (WaS)
) (./roboto.sty
Package: roboto 2014/08/12 (Bob Tennent) Supports Roboto fonts for all LaTeX en
gines.

(/usr/local/texlive/2014/texmf-dist/tex/generic/oberdiek/ifluatex.sty
Package: ifluatex 2010/03/01 v1.3 Provides the ifluatex switch (HO)
Package ifluatex Info: LuaTeX not detected.
)
(/usr/local/texlive/2014/texmf-dist/tex/latex/xkeyval/xkeyval.sty
Package: xkeyval 2014/05/09 v2.6d package option processing (HA)

(/usr/local/texlive/2014/texmf-dist/tex/generic/xkeyval/xkeyval.tex
\XKV@toks=\toks19
\XKV@tempa@toks=\toks20
\XKV@depth=\count99
File: xkeyval.tex 2014/05/09 v2.6d key=value parser (HA)
))
(/usr/local/texlive/2014/texmf-dist/tex/latex/base/textcomp.sty
Package: textcomp 2005/09/27 v1.99g Standard LaTeX package
Package textcomp Info: Sub-encoding information:
(textcomp)               5 = only ISO-Adobe without \textcurrency
(textcomp)               4 = 5 + \texteuro
(textcomp)               3 = 4 + \textohm
(textcomp)               2 = 3 + \textestimated + \textcurrency
(textcomp)               1 = TS1 - \textcircled - \t
(textcomp)               0 = TS1 (full)
(textcomp)             Font families with sub-encoding setting implement
(textcomp)             only a restricted character set as indicated.
(textcomp)             Family '?' is the default used for unknown fonts.
(textcomp)             See the documentation for details.
Package textcomp Info: Setting ? sub-encoding to TS1/1 on input line 71.

(/usr/local/texlive/2014/texmf-dist/tex/latex/base/ts1enc.def
File: ts1enc.def 2001/06/05 v3.0e (jk/car/fm) Standard LaTeX file
Now handling font encoding TS1 ...
... processing UTF-8 mapping file for font encoding TS1

(/usr/local/texlive/2014/texmf-dist/tex/latex/base/ts1enc.dfu
File: ts1enc.dfu 2008/04/05 v1.1m UTF-8 support for inputenc
   defining Unicode char U+00A2 (decimal 162)
   defining Unicode char U+00A3 (decimal 163)
   defining Unicode char U+00A4 (decimal 164)
   defining Unicode char U+00A5 (decimal 165)
   defining Unicode char U+00A6 (decimal 166)
   defining Unicode char U+00A7 (decimal 167)
   defining Unicode char U+00A8 (decimal 168)
   defining Unicode char U+00A9 (decimal 169)
   defining Unicode char U+00AA (decimal 170)
   defining Unicode char U+00AC (decimal 172)
   defining Unicode char U+00AE (decimal 174)
   defining Unicode char U+00AF (decimal 175)
   defining Unicode char U+00B0 (decimal 176)
   defining Unicode char U+00B1 (decimal 177)
   defining Unicode char U+00B2 (decimal 178)
   defining Unicode char U+00B3 (decimal 179)
   defining Unicode char U+00B4 (decimal 180)
   defining Unicode char U+00B5 (decimal 181)
   defining Unicode char U+00B6 (decimal 182)
   defining Unicode char U+00B7 (decimal 183)
   defining Unicode char U+00B9 (decimal 185)
   defining Unicode char U+00BA (decimal 186)
   defining Unicode char U+00BC (decimal 188)
   defining Unicode char U+00BD (decimal 189)
   defining Unicode char U+00BE (decimal 190)
   defining Unicode char U+00D7 (decimal 215)
   defining Unicode char U+00F7 (decimal 247)
   defining Unicode char U+0192 (decimal 402)
   defining Unicode char U+02C7 (decimal 711)
   defining Unicode char U+02D8 (decimal 728)
   defining Unicode char U+02DD (decimal 733)
   defining Unicode char U+0E3F (decimal 3647)
   defining Unicode char U+2016 (decimal 8214)
   defining Unicode char U+2020 (decimal 8224)
   defining Unicode char U+2021 (decimal 8225)
   defining Unicode char U+2022 (decimal 8226)
   defining Unicode char U+2030 (decimal 8240)
   defining Unicode char U+2031 (decimal 8241)
   defining Unicode char U+203B (decimal 8251)
   defining Unicode char U+203D (decimal 8253)
   defining Unicode char U+2044 (decimal 8260)
   defining Unicode char U+204E (decimal 8270)
   defining Unicode char U+2052 (decimal 8274)
   defining Unicode char U+20A1 (decimal 8353)
   defining Unicode char U+20A4 (decimal 8356)
   defining Unicode char U+20A6 (decimal 8358)
   defining Unicode char U+20A9 (decimal 8361)
   defining Unicode char U+20AB (decimal 8363)
   defining Unicode char U+20AC (decimal 8364)
   defining Unicode char U+20B1 (decimal 8369)
   defining Unicode char U+2103 (decimal 8451)
   defining Unicode char U+2116 (decimal 8470)
   defining Unicode char U+2117 (decimal 8471)
   defining Unicode char U+211E (decimal 8478)
   defining Unicode char U+2120 (decimal 8480)
   defining Unicode char U+2122 (decimal 8482)
   defining Unicode char U+2126 (decimal 8486)
   defining Unicode char U+2127 (decimal 8487)
   defining Unicode char U+212E (decimal 8494)
   defining Unicode char U+2190 (decimal 8592)
   defining Unicode char U+2191 (decimal 8593)
   defining Unicode char U+2192 (decimal 8594)
   defining Unicode char U+2193 (decimal 8595)
   defining Unicode char U+2329 (decimal 9001)
   defining Unicode char U+232A (decimal 9002)
   defining Unicode char U+2422 (decimal 9250)
   defining Unicode char U+25E6 (decimal 9702)
   defining Unicode char U+25EF (decimal 9711)
   defining Unicode char U+266A (decimal 9834)
))
LaTeX Info: Redefining \oldstylenums on input line 266.
Package textcomp Info: Setting cmr sub-encoding to TS1/0 on input line 281.
Package textcomp Info: Setting cmss sub-encoding to TS1/0 on input line 282.
Package textcomp Info: Setting cmtt sub-encoding to TS1/0 on input line 283.
Package textcomp Info: Setting cmvtt sub-encoding to TS1/0 on input line 284.
Package textcomp Info: Setting cmbr sub-encoding to TS1/0 on input line 285.
Package textcomp Info: Setting cmtl sub-encoding to TS1/0 on input line 286.
Package textcomp Info: Setting ccr sub-encoding to TS1/0 on input line 287.
Package textcomp Info: Setting ptm sub-encoding to TS1/4 on input line 288.
Package textcomp Info: Setting pcr sub-encoding to TS1/4 on input line 289.
Package textcomp Info: Setting phv sub-encoding to TS1/4 on input line 290.
Package textcomp Info: Setting ppl sub-encoding to TS1/3 on input line 291.
Package textcomp Info: Setting pag sub-encoding to TS1/4 on input line 292.
Package textcomp Info: Setting pbk sub-encoding to TS1/4 on input line 293.
Package textcomp Info: Setting pnc sub-encoding to TS1/4 on input line 294.
Package textcomp Info: Setting pzc sub-encoding to TS1/4 on input line 295.
Package textcomp Info: Setting bch sub-encoding to TS1/4 on input line 296.
Package textcomp Info: Setting put sub-encoding to TS1/5 on input line 297.
Package textcomp Info: Setting uag sub-encoding to TS1/5 on input line 298.
Package textcomp Info: Setting ugq sub-encoding to TS1/5 on input line 299.
Package textcomp Info: Setting ul8 sub-encoding to TS1/4 on input line 300.
Package textcomp Info: Setting ul9 sub-encoding to TS1/4 on input line 301.
Package textcomp Info: Setting augie sub-encoding to TS1/5 on input line 302.
Package textcomp Info: Setting dayrom sub-encoding to TS1/3 on input line 303.
Package textcomp Info: Setting dayroms sub-encoding to TS1/3 on input line 304.

Package textcomp Info: Setting pxr sub-encoding to TS1/0 on input line 305.
Package textcomp Info: Setting pxss sub-encoding to TS1/0 on input line 306.
Package textcomp Info: Setting pxtt sub-encoding to TS1/0 on input line 307.
Package textcomp Info: Setting txr sub-encoding to TS1/0 on input line 308.
Package textcomp Info: Setting txss sub-encoding to TS1/0 on input line 309.
Package textcomp Info: Setting txtt sub-encoding to TS1/0 on input line 310.
Package textcomp Info: Setting lmr sub-encoding to TS1/0 on input line 311.
Package textcomp Info: Setting lmdh sub-encoding to TS1/0 on input line 312.
Package textcomp Info: Setting lmss sub-encoding to TS1/0 on input line 313.
Package textcomp Info: Setting lmssq sub-encoding to TS1/0 on input line 314.
Package textcomp Info: Setting lmvtt sub-encoding to TS1/0 on input line 315.
Package textcomp Info: Setting qhv sub-encoding to TS1/0 on input line 316.
Package textcomp Info: Setting qag sub-encoding to TS1/0 on input line 317.
Package textcomp Info: Setting qbk sub-encoding to TS1/0 on input line 318.
Package textcomp Info: Setting qcr sub-encoding to TS1/0 on input line 319.
Package textcomp Info: Setting qcs sub-encoding to TS1/0 on input line 320.
Package textcomp Info: Setting qpl sub-encoding to TS1/0 on input line 321.
Package textcomp Info: Setting qtm sub-encoding to TS1/0 on input line 322.
Package textcomp Info: Setting qzc sub-encoding to TS1/0 on input line 323.
Package textcomp Info: Setting qhvc sub-encoding to TS1/0 on input line 324.
Package textcomp Info: Setting futs sub-encoding to TS1/4 on input line 325.
Package textcomp Info: Setting futx sub-encoding to TS1/4 on input line 326.
Package textcomp Info: Setting futj sub-encoding to TS1/4 on input line 327.
Package textcomp Info: Setting hlh sub-encoding to TS1/3 on input line 328.
Package textcomp Info: Setting hls sub-encoding to TS1/3 on input line 329.
Package textcomp Info: Setting hlst sub-encoding to TS1/3 on input line 330.
Package textcomp Info: Setting hlct sub-encoding to TS1/5 on input line 331.
Package textcomp Info: Setting hlx sub-encoding to TS1/5 on input line 332.
Package textcomp Info: Setting hlce sub-encoding to TS1/5 on input line 333.
Package textcomp Info: Setting hlcn sub-encoding to TS1/5 on input line 334.
Package textcomp Info: Setting hlcw sub-encoding to TS1/5 on input line 335.
Package textcomp Info: Setting hlcf sub-encoding to TS1/5 on input line 336.
Package textcomp Info: Setting pplx sub-encoding to TS1/3 on input line 337.
Package textcomp Info: Setting pplj sub-encoding to TS1/3 on input line 338.
Package textcomp Info: Setting ptmx sub-encoding to TS1/4 on input line 339.
Package textcomp Info: Setting ptmj sub-encoding to TS1/4 on input line 340.
)
(/usr/local/texlive/2014/texmf-dist/tex/latex/base/fontenc.sty
Package: fontenc 2005/09/27 v1.99g Standard LaTeX package
)
(/usr/local/texlive/2014/texmf-dist/tex/latex/fontaxes/fontaxes.sty
Package: fontaxes 2014/03/23 v1.0d Font selection axes
LaTeX Info: Redefining \upshape on input line 29.
LaTeX Info: Redefining \itshape on input line 31.
LaTeX Info: Redefining \slshape on input line 33.
LaTeX Info: Redefining \scshape on input line 37.
)
(/usr/local/texlive/2014/texmf-dist/tex/latex/mweights/mweights.sty
Package: mweights 2013/07/21 (Bob Tennent) Support package for multiple-weight 
font packages. 
LaTeX Info: Redefining \bfseries on input line 22.
LaTeX Info: Redefining \mdseries on input line 29.
LaTeX Info: Redefining \rmfamily on input line 36.
LaTeX Info: Redefining \sffamily on input line 53.
LaTeX Info: Redefining \ttfamily on input line 70.
))
(/usr/local/texlive/2014/texmf-dist/tex/latex/booktabs/booktabs.sty
Package: booktabs 2005/04/14 v1.61803 publication quality tables
\heavyrulewidth=\dimen112
\lightrulewidth=\dimen113
\cmidrulewidth=\dimen114
\belowrulesep=\dimen115
\belowbottomsep=\dimen116
\aboverulesep=\dimen117
\abovetopsep=\dimen118
\cmidrulesep=\dimen119
\cmidrulekern=\dimen120
\defaultaddspace=\dimen121
\@cmidla=\count100
\@cmidlb=\count101
\@aboverulesep=\dimen122
\@belowrulesep=\dimen123
\@thisruleclass=\count102
\@lastruleclass=\count103
\@thisrulewidth=\dimen124
)
(/usr/local/texlive/2014/texmf-dist/tex/latex/tools/array.sty
Package: array 2008/09/09 v2.4c Tabular extension package (FMi)
\col@sep=\dimen125
\extrarowheight=\dimen126
\NC@list=\toks21
\extratabsurround=\skip48
\backup@length=\skip49
)
(/usr/local/texlive/2014/texmf-dist/tex/latex/amsmath/amsmath.sty
Package: amsmath 2013/01/14 v2.14 AMS math features
\@mathmargin=\skip50

For additional information on amsmath, use the `?' option.
(/usr/local/texlive/2014/texmf-dist/tex/latex/amsmath/amstext.sty
Package: amstext 2000/06/29 v2.01

(/usr/local/texlive/2014/texmf-dist/tex/latex/amsmath/amsgen.sty
File: amsgen.sty 1999/11/30 v2.0
\@emptytoks=\toks22
\ex@=\dimen127
))
(/usr/local/texlive/2014/texmf-dist/tex/latex/amsmath/amsbsy.sty
Package: amsbsy 1999/11/29 v1.2d
\pmbraise@=\dimen128
)
(/usr/local/texlive/2014/texmf-dist/tex/latex/amsmath/amsopn.sty
Package: amsopn 1999/12/14 v2.01 operator names
)
\inf@bad=\count104
LaTeX Info: Redefining \frac on input line 210.
\uproot@=\count105
\leftroot@=\count106
LaTeX Info: Redefining \overline on input line 306.
\classnum@=\count107
\DOTSCASE@=\count108
LaTeX Info: Redefining \ldots on input line 378.
LaTeX Info: Redefining \dots on input line 381.
LaTeX Info: Redefining \cdots on input line 466.
\Mathstrutbox@=\box27
\strutbox@=\box28
\big@size=\dimen129
LaTeX Font Info:    Redeclaring font encoding OML on input line 566.
LaTeX Font Info:    Redeclaring font encoding OMS on input line 567.
\macc@depth=\count109
\c@MaxMatrixCols=\count110
\dotsspace@=\muskip10
\c@parentequation=\count111
\dspbrk@lvl=\count112
\tag@help=\toks23
\row@=\count113
\column@=\count114
\maxfields@=\count115
\andhelp@=\toks24
\eqnshift@=\dimen130
\alignsep@=\dimen131
\tagshift@=\dimen132
\tagwidth@=\dimen133
\totwidth@=\dimen134
\lineht@=\dimen135
\@envbody=\toks25
\multlinegap=\skip51
\multlinetaggap=\skip52
\mathdisplay@stack=\toks26
LaTeX Info: Redefining \[ on input line 2665.
LaTeX Info: Redefining \] on input line 2666.
)
(/usr/local/texlive/2014/texmf-dist/tex/latex/graphics/graphicx.sty
Package: graphicx 2014/04/25 v1.0g Enhanced LaTeX Graphics (DPC,SPQR)

(/usr/local/texlive/2014/texmf-dist/tex/latex/graphics/graphics.sty
Package: graphics 2009/02/05 v1.0o Standard LaTeX Graphics (DPC,SPQR)

(/usr/local/texlive/2014/texmf-dist/tex/latex/graphics/trig.sty
Package: trig 1999/03/16 v1.09 sin cos tan (DPC)
)
(/usr/local/texlive/2014/texmf-dist/tex/latex/latexconfig/graphics.cfg
File: graphics.cfg 2010/04/23 v1.9 graphics configuration of TeX Live
)
Package graphics Info: Driver file: pdftex.def on input line 91.

(/usr/local/texlive/2014/texmf-dist/tex/latex/pdftex-def/pdftex.def
File: pdftex.def 2011/05/27 v0.06d Graphics/color for pdfTeX

(/usr/local/texlive/2014/texmf-dist/tex/generic/oberdiek/infwarerr.sty
Package: infwarerr 2010/04/08 v1.3 Providing info/warning/error messages (HO)
)
(/usr/local/texlive/2014/texmf-dist/tex/generic/oberdiek/ltxcmds.sty
Package: ltxcmds 2011/11/09 v1.22 LaTeX kernel commands for general use (HO)
)
\Gread@gobject=\count116
))
\Gin@req@height=\dimen136
\Gin@req@width=\dimen137
)
(/usr/local/texlive/2014/texmf-dist/tex/latex/etoolbox/etoolbox.sty
Package: etoolbox 2011/01/03 v2.1 e-TeX tools for LaTeX

(/usr/local/texlive/2014/texmf-dist/tex/latex/etex-pkg/etex.sty
Package: etex 1998/03/26 v2.0 eTeX basic definition package (PEB)
\et@xins=\count117
)
\etb@tempcnta=\count118
)
(/usr/local/texlive/2014/texmf-dist/tex/latex/footmisc/footmisc.sty
Package: footmisc 2011/06/06 v5.5b a miscellany of footnote facilities
\FN@temptoken=\toks27
\footnotemargin=\dimen138
\c@pp@next@reset=\count119
Package footmisc Info: Declaring symbol style bringhurst on input line 855.
Package footmisc Info: Declaring symbol style chicago on input line 863.
Package footmisc Info: Declaring symbol style wiley on input line 872.
Package footmisc Info: Declaring symbol style lamport-robust on input line 883.

Package footmisc Info: Declaring symbol style lamport* on input line 903.
Package footmisc Info: Declaring symbol style lamport*-robust on input line 924
.
)
(/usr/local/texlive/2014/texmf-dist/tex/latex/lastpage/lastpage.sty
Package: lastpage 2013/01/28 v1.2l Refers to last page's name (HMM; JPG)
)
(/usr/local/texlive/2014/texmf-dist/tex/latex/xcolor/xcolor.sty
Package: xcolor 2007/01/21 v2.11 LaTeX color extensions (UK)

(/usr/local/texlive/2014/texmf-dist/tex/latex/latexconfig/color.cfg
File: color.cfg 2007/01/18 v1.5 color configuration of teTeX/TeXLive
)
Package xcolor Info: Driver file: pdftex.def on input line 225.
Package xcolor Info: Model `cmy' substituted by `cmy0' on input line 1337.
Package xcolor Info: Model `hsb' substituted by `rgb' on input line 1341.
Package xcolor Info: Model `RGB' extended on input line 1353.
Package xcolor Info: Model `HTML' substituted by `rgb' on input line 1355.
Package xcolor Info: Model `Hsb' substituted by `hsb' on input line 1356.
Package xcolor Info: Model `tHsb' substituted by `hsb' on input line 1357.
Package xcolor Info: Model `HSB' substituted by `hsb' on input line 1358.
Package xcolor Info: Model `Gray' substituted by `gray' on input line 1359.
Package xcolor Info: Model `wave' substituted by `hsb' on input line 1360.

(/usr/local/texlive/2014/texmf-dist/tex/latex/graphics/dvipsnam.def
File: dvipsnam.def 2014/04/23 v3.0j Driver-dependant file (DPC,SPQR)
))
Package scrkbase Info: You've told me to extend the font selection of the
(scrkbase)             element `pagehead' that is an alias of element
(scrkbase)             `pageheadfoot' on input line 87.
LaTeX Font Info:    Try loading font information for T1+phv on input line 96.

(/usr/local/texlive/2014/texmf-dist/tex/latex/psnfss/t1phv.fd
File: t1phv.fd 2001/06/04 scalable font definitions for T1/phv.
)
LaTeX Font Info:    Font shape `T1/phv/bx/n' in size <42.67912> not available
(Font)              Font shape `T1/phv/b/n' tried instead on input line 96.
LaTeX Font Info:    Font shape `T1/phv/bx/n' in size <22.76228> not available
(Font)              Font shape `T1/phv/b/n' tried instead on input line 97.

(/usr/local/texlive/2014/texmf-dist/tex/latex/koma-script/scrpage2.sty
Package: scrpage2 2013/12/19 v3.12 KOMA-Script package (page head and foot)
LaTeX Info: Redefining \pagemark on input line 174.
)
(/usr/local/texlive/2014/texmf-dist/tex/latex/chngcntr/chngcntr.sty
Package: chngcntr 2009/09/02 v1.0a change counter resetting
)
(/usr/local/texlive/2014/texmf-dist/tex/latex/hyperref/hyperref.sty
Package: hyperref 2012/11/06 v6.83m Hypertext links for LaTeX

(/usr/local/texlive/2014/texmf-dist/tex/generic/oberdiek/hobsub-hyperref.sty
Package: hobsub-hyperref 2012/05/28 v1.13 Bundle oberdiek, subset hyperref (HO)


(/usr/local/texlive/2014/texmf-dist/tex/generic/oberdiek/hobsub-generic.sty
Package: hobsub-generic 2012/05/28 v1.13 Bundle oberdiek, subset generic (HO)
Package: hobsub 2012/05/28 v1.13 Construct package bundles (HO)
Package hobsub Info: Skipping package `infwarerr' (already loaded).
Package hobsub Info: Skipping package `ltxcmds' (already loaded).
Package hobsub Info: Skipping package `ifluatex' (already loaded).
Package hobsub Info: Skipping package `ifvtex' (already loaded).
Package: intcalc 2007/09/27 v1.1 Expandable calculations with integers (HO)
Package hobsub Info: Skipping package `ifpdf' (already loaded).
Package: etexcmds 2011/02/16 v1.5 Avoid name clashes with e-TeX commands (HO)
Package etexcmds Info: Could not find \expanded.
(etexcmds)             That can mean that you are not using pdfTeX 1.50 or
(etexcmds)             that some package has redefined \expanded.
(etexcmds)             In the latter case, load this package earlier.
Package: kvsetkeys 2012/04/25 v1.16 Key value parser (HO)
Package: kvdefinekeys 2011/04/07 v1.3 Define keys (HO)
Package: pdftexcmds 2011/11/29 v0.20 Utility functions of pdfTeX for LuaTeX (HO
)
Package pdftexcmds Info: LuaTeX not detected.
Package pdftexcmds Info: \pdf@primitive is available.
Package pdftexcmds Info: \pdf@ifprimitive is available.
Package pdftexcmds Info: \pdfdraftmode found.
Package: pdfescape 2011/11/25 v1.13 Implements pdfTeX's escape features (HO)
Package: bigintcalc 2012/04/08 v1.3 Expandable calculations on big integers (HO
)
Package: bitset 2011/01/30 v1.1 Handle bit-vector datatype (HO)
Package: uniquecounter 2011/01/30 v1.2 Provide unlimited unique counter (HO)
)
Package hobsub Info: Skipping package `hobsub' (already loaded).
Package: letltxmacro 2010/09/02 v1.4 Let assignment for LaTeX macros (HO)
Package: hopatch 2012/05/28 v1.2 Wrapper for package hooks (HO)
Package: xcolor-patch 2011/01/30 xcolor patch
Package: atveryend 2011/06/30 v1.8 Hooks at the very end of document (HO)
Package: atbegshi 2011/10/05 v1.16 At begin shipout hook (HO)
Package: refcount 2011/10/16 v3.4 Data extraction from label references (HO)
Package: hycolor 2011/01/30 v1.7 Color options for hyperref/bookmark (HO)
)
(/usr/local/texlive/2014/texmf-dist/tex/latex/oberdiek/auxhook.sty
Package: auxhook 2011/03/04 v1.3 Hooks for auxiliary files (HO)
)
(/usr/local/texlive/2014/texmf-dist/tex/latex/oberdiek/kvoptions.sty
Package: kvoptions 2011/06/30 v3.11 Key value format for package options (HO)
)
\@linkdim=\dimen139
\Hy@linkcounter=\count120
\Hy@pagecounter=\count121

(/usr/local/texlive/2014/texmf-dist/tex/latex/hyperref/pd1enc.def
File: pd1enc.def 2012/11/06 v6.83m Hyperref: PDFDocEncoding definition (HO)
Now handling font encoding PD1 ...
... no UTF-8 mapping file for font encoding PD1
)
\Hy@SavedSpaceFactor=\count122

(/usr/local/texlive/2014/texmf-dist/tex/latex/latexconfig/hyperref.cfg
File: hyperref.cfg 2002/06/06 v1.2 hyperref configuration of TeXLive
)
Package hyperref Info: Option `bookmarksopen' set `true' on input line 4319.
Package hyperref Info: Option `linktocpage' set `true' on input line 4319.
Package hyperref Info: Option `pdfpagelabels' set `true' on input line 4319.
Package hyperref Info: Option `plainpages' set `false' on input line 4319.
Package hyperref Info: Option `colorlinks' set `true' on input line 4319.
Package hyperref Info: Option `bookmarks' set `true' on input line 4319.
Package hyperref Info: Hyper figures OFF on input line 4443.
Package hyperref Info: Link nesting OFF on input line 4448.
Package hyperref Info: Hyper index ON on input line 4451.
Package hyperref Info: Plain pages OFF on input line 4458.
Package hyperref Info: Backreferencing ON on input line 4461.
Package hyperref Info: Implicit mode ON; LaTeX internals redefined.
Package hyperref Info: Bookmarks ON on input line 4688.

(/usr/local/texlive/2014/texmf-dist/tex/latex/hyperref/backref.sty
Package: backref 2012/07/25 v1.38 Bibliographical back referencing

(/usr/local/texlive/2014/texmf-dist/tex/latex/oberdiek/rerunfilecheck.sty
Package: rerunfilecheck 2011/04/15 v1.7 Rerun checks for auxiliary files (HO)
Package uniquecounter Info: New unique counter `rerunfilecheck' on input line 2
82.
))
\c@Hy@tempcnt=\count123

(/usr/local/texlive/2014/texmf-dist/tex/latex/url/url.sty
\Urlmuskip=\muskip11
Package: url 2013/09/16  ver 3.4  Verb mode for urls, etc.
)
LaTeX Info: Redefining \url on input line 5041.
\XeTeXLinkMargin=\dimen140
\Fld@menulength=\count124
\Field@Width=\dimen141
\Fld@charsize=\dimen142
Package hyperref Info: Hyper figures OFF on input line 6295.
Package hyperref Info: Link nesting OFF on input line 6300.
Package hyperref Info: Hyper index ON on input line 6303.
Package hyperref Info: backreferencing ON on input line 6308.
Package hyperref Info: Link coloring ON on input line 6313.
Package hyperref Info: Link coloring with OCG OFF on input line 6320.
Package hyperref Info: PDF/A mode OFF on input line 6325.
LaTeX Info: Redefining \ref on input line 6365.
LaTeX Info: Redefining \pageref on input line 6369.
\Hy@abspage=\count125
\c@Item=\count126
\c@Hfootnote=\count127
)

Package hyperref Message: Driver (autodetected): hpdftex.

(/usr/local/texlive/2014/texmf-dist/tex/latex/hyperref/hpdftex.def
File: hpdftex.def 2012/11/06 v6.83m Hyperref driver for pdfTeX
\Fld@listcount=\count128
\c@bookmark@seq@number=\count129
\Hy@SectionHShift=\skip53
)
(/usr/local/texlive/2014/texmf-dist/tex/latex/microtype/microtype.sty
Package: microtype 2013/05/23 v2.5a Micro-typographical refinements (RS)
\MT@toks=\toks28
\MT@count=\count130
LaTeX Info: Redefining \textls on input line 766.
\MT@outer@kern=\dimen143
LaTeX Info: Redefining \textmicrotypecontext on input line 1285.
\MT@listname@count=\count131

(/usr/local/texlive/2014/texmf-dist/tex/latex/microtype/microtype-pdftex.def
File: microtype-pdftex.def 2013/05/23 v2.5a Definitions specific to pdftex (RS)

LaTeX Info: Redefining \lsstyle on input line 915.
LaTeX Info: Redefining \lslig on input line 915.
\MT@outer@space=\skip54
)
Package microtype Info: Loading configuration file microtype.cfg.

(/usr/local/texlive/2014/texmf-dist/tex/latex/microtype/microtype.cfg
File: microtype.cfg 2013/05/23 v2.5a microtype main configuration file (RS)
))
(./journal.aux

LaTeX Warning: Label `fig:inv18ray' multiply defined.

)
\openout1 = `journal.aux'.

LaTeX Font Info:    Checking defaults for OML/cmm/m/it on input line 161.
LaTeX Font Info:    ... okay on input line 161.
LaTeX Font Info:    Checking defaults for T1/cmr/m/n on input line 161.
LaTeX Font Info:    ... okay on input line 161.
LaTeX Font Info:    Checking defaults for OT1/cmr/m/n on input line 161.
LaTeX Font Info:    ... okay on input line 161.
LaTeX Font Info:    Checking defaults for OMS/cmsy/m/n on input line 161.
LaTeX Font Info:    ... okay on input line 161.
LaTeX Font Info:    Checking defaults for OMX/cmex/m/n on input line 161.
LaTeX Font Info:    ... okay on input line 161.
LaTeX Font Info:    Checking defaults for U/cmr/m/n on input line 161.
LaTeX Font Info:    ... okay on input line 161.
LaTeX Font Info:    Checking defaults for TS1/cmr/m/n on input line 161.
LaTeX Font Info:    Try loading font information for TS1+cmr on input line 161.

 (/usr/local/texlive/2014/texmf-dist/tex/latex/base/ts1cmr.fd
File: ts1cmr.fd 1999/05/25 v2.5h Standard LaTeX font definitions
)
LaTeX Font Info:    ... okay on input line 161.
LaTeX Font Info:    Checking defaults for PD1/pdf/m/n on input line 161.
LaTeX Font Info:    ... okay on input line 161.
LaTeX Font Info:    Try loading font information for T1+RobotoSlab-LF on input 
line 161.
LaTeX Font Info:    No file T1RobotoSlab-LF.fd. on input line 161.


LaTeX Font Warning: Font shape `T1/RobotoSlab-LF/m/n' undefined
(Font)              using `T1/cmr/m/n' instead on input line 161.

*geometry* driver: auto-detecting
*geometry* detected driver: pdftex
*geometry* verbose mode - [ preamble ] result:
* driver: pdftex
* paper: <default>
* layout: <same size as paper>
* layoutoffset:(h,v)=(0.0pt,0.0pt)
* modes: twoside 
* h-part:(L,W,R)=(71.70166pt, 418.25372pt, 107.55255pt)
* v-part:(T,H,B)=(101.40665pt, 634.14001pt, 109.50027pt)
* \paperwidth=597.50793pt
* \paperheight=845.04694pt
* \textwidth=418.25372pt
* \textheight=634.14001pt
* \oddsidemargin=-0.56833pt
* \evensidemargin=35.28256pt
* \topmargin=-8.26335pt
* \headheight=25.0pt
* \headsep=20.40001pt
* \topskip=11.0pt
* \footskip=47.6pt
* \marginparwidth=89.62619pt
* \marginparsep=12.8401pt
* \columnsep=10.0pt
* \skip\footins=14.0pt plus 6.0pt minus 2.0pt
* \hoffset=0.0pt
* \voffset=0.0pt
* \mag=1000
* \@twocolumnfalse
* \@twosidetrue
* \@mparswitchtrue
* \@reversemarginfalse
* (1in=72.27pt=25.4mm, 1cm=28.453pt)

\c@mv@tabular=\count132
\c@mv@boldtabular=\count133
(/usr/local/texlive/2014/texmf-dist/tex/context/base/supp-pdf.mkii
[Loading MPS to PDF converter (version 2006.09.02).]
\scratchcounter=\count134
\scratchdimen=\dimen144
\scratchbox=\box29
\nofMPsegments=\count135
\nofMParguments=\count136
\everyMPshowfont=\toks29
\MPscratchCnt=\count137
\MPscratchDim=\dimen145
\MPnumerator=\count138
\makeMPintoPDFobject=\count139
\everyMPtoPDFconversion=\toks30
) (/usr/local/texlive/2014/texmf-dist/tex/latex/oberdiek/epstopdf-base.sty
Package: epstopdf-base 2010/02/09 v2.5 Base part for package epstopdf

(/usr/local/texlive/2014/texmf-dist/tex/latex/oberdiek/grfext.sty
Package: grfext 2010/08/19 v1.1 Manage graphics extensions (HO)
)
Package grfext Info: Graphics extension search list:
(grfext)             [.png,.pdf,.jpg,.mps,.jpeg,.jbig2,.jb2,.PNG,.PDF,.JPG,.JPE
G,.JBIG2,.JB2,.eps]
(grfext)             \AppendGraphicsExtensions on input line 452.

(/usr/local/texlive/2014/texmf-dist/tex/latex/latexconfig/epstopdf-sys.cfg
File: epstopdf-sys.cfg 2010/07/13 v1.3 Configuration of (r)epstopdf for TeX Liv
e
))
Package lastpage Info: Please have a look at the pageslts package at
(lastpage)             http://www.ctan.org/tex-archive/ 
(lastpage)             macros/latex/contrib/pageslts/ 
(lastpage)             or
(lastpage)             http://www.ctan.org/tex-archive/ 
(lastpage)             install/macros/latex/contrib/pageslts.tds.zip
(lastpage)             ! on input line 161.
\AtBeginShipoutBox=\box30
Package hyperref Info: Link coloring ON on input line 161.

(/usr/local/texlive/2014/texmf-dist/tex/latex/hyperref/nameref.sty
Package: nameref 2012/10/27 v2.43 Cross-referencing by name of section

(/usr/local/texlive/2014/texmf-dist/tex/generic/oberdiek/gettitlestring.sty
Package: gettitlestring 2010/12/03 v1.4 Cleanup title references (HO)
)
\c@section@level=\count140
)
LaTeX Info: Redefining \ref on input line 161.
LaTeX Info: Redefining \pageref on input line 161.
LaTeX Info: Redefining \nameref on input line 161.

(./journal.out) (./journal.out)
\@outlinefile=\write4
\openout4 = `journal.out'.

LaTeX Info: Redefining \microtypecontext on input line 161.
Package microtype Info: Generating PDF output.
Package microtype Info: Character protrusion enabled (level 2).
Package microtype Info: Using default protrusion set `alltext'.
Package microtype Info: Automatic font expansion enabled (level 2),
(microtype)             stretch: 10, shrink: 10, step: 1, non-selected.
Package microtype Info: Using default expansion set `basictext'.
Package microtype Info: No adjustment of tracking.
Package microtype Info: No adjustment of interword spacing.
Package microtype Info: No adjustment of character kerning.
Package microtype Info: Loading generic settings for font family
(microtype)             `RobotoSlab-LF' (encoding: T1).
(microtype)             For optimal results, create family-specific settings.
(microtype)             See the microtype manual for details.
LaTeX Font Info:    Try loading font information for T1+Roboto-LF on input line
 177.
LaTeX Font Info:    No file T1Roboto-LF.fd. on input line 177.


LaTeX Font Warning: Font shape `T1/Roboto-LF/l/n' undefined
(Font)              using `T1/cmr/m/n' instead on input line 177.

(/usr/local/texlive/2014/texmf-dist/tex/latex/microtype/mt-cmr.cfg
File: mt-cmr.cfg 2013/05/19 v2.2 microtype config. file: Computer Modern Roman 
(RS)
)

LaTeX Font Warning: Font shape `T1/Roboto-LF/b/n' undefined
(Font)              using `T1/cmr/m/n' instead on input line 177.

Package microtype Info: Loading generic settings for font family
(microtype)             `Roboto-LF' (encoding: T1).
(microtype)             For optimal results, create family-specific settings.
(microtype)             See the microtype manual for details.
LaTeX Font Info:    Try loading font information for OT1+ppl on input line 177.

(/usr/local/texlive/2014/texmf-dist/tex/latex/psnfss/ot1ppl.fd
File: ot1ppl.fd 2001/06/04 font definitions for OT1/ppl.
)
(/usr/local/texlive/2014/texmf-dist/tex/latex/microtype/mt-ppl.cfg
File: mt-ppl.cfg 2005/11/16 v1.6 microtype config. file: Palatino (RS)
)
LaTeX Font Info:    Try loading font information for OML+zplm on input line 177
.

(/usr/local/texlive/2014/texmf-dist/tex/latex/psnfss/omlzplm.fd
File: omlzplm.fd 2002/09/08 Fontinst v1.914 font definitions for OML/zplm.
)
LaTeX Font Info:    Try loading font information for OMS+zplm on input line 177
.

(/usr/local/texlive/2014/texmf-dist/tex/latex/psnfss/omszplm.fd
File: omszplm.fd 2002/09/08 Fontinst v1.914 font definitions for OMS/zplm.
)
LaTeX Font Info:    Try loading font information for OMX+zplm on input line 177
.

(/usr/local/texlive/2014/texmf-dist/tex/latex/psnfss/omxzplm.fd
File: omxzplm.fd 2002/09/08 Fontinst v1.914 font definitions for OMX/zplm.
)
LaTeX Font Info:    Try loading font information for OT1+zplm on input line 177
.

(/usr/local/texlive/2014/texmf-dist/tex/latex/psnfss/ot1zplm.fd
File: ot1zplm.fd 2002/09/08 Fontinst v1.914 font definitions for OT1/zplm.
)
Package microtype Info: Loading generic settings for font family
(microtype)             `zplm' (encoding: OT1).
(microtype)             For optimal results, create family-specific settings.
(microtype)             See the microtype manual for details.
 [1



{/usr/local/texlive/2014/texmf-var/fonts/map/pdftex/updmap/pdftex.map}]
No file journal.ind.
[2


]
Package tocbasic Info: character protrusion at toc deactivated on input line 17
9.
 (./journal.toc

LaTeX Font Warning: Font shape `T1/RobotoSlab-LF/m/sl' undefined
(Font)              using `T1/RobotoSlab-LF/m/n' instead on input line 37.

[3])
\tf@toc=\write5
\openout5 = `journal.toc'.

 [4]
<figs/Salton7base_final11_topo_edit2.png, id=264, 750.6444pt x 483.2454pt>
File: figs/Salton7base_final11_topo_edit2.png Graphic file (type png)

<use figs/Salton7base_final11_topo_edit2.png>
Package pdftex.def Info: figs/Salton7base_final11_topo_edit2.png used on input 
line 212.
(pdftex.def)             Requested size: 375.32127pt x 241.6221pt.


LaTeX Font Warning: Font shape `T1/RobotoSlab-LF/m/it' undefined
(Font)              using `T1/RobotoSlab-LF/m/n' instead on input line 213.


LaTeX Font Warning: Font shape `T1/RobotoSlab-LF/bx/n' undefined
(Font)              using `T1/RobotoSlab-LF/m/n' instead on input line 213.


LaTeX Warning: `!h' float specifier changed to `!ht'.

<figs/Line7_withMCS.png, id=268, 1631.09375pt x 384.43625pt>
File: figs/Line7_withMCS.png Graphic file (type png)

<use figs/Line7_withMCS.png>
Package pdftex.def Info: figs/Line7_withMCS.png used on input line 222.
(pdftex.def)             Requested size: 489.33191pt x 115.33176pt.

Overfull \hbox (71.07819pt too wide) in paragraph at lines 222--223
 [][]
 []


LaTeX Warning: `!h' float specifier changed to `!ht'.

[5] <figs/line7_resid_MCSconstraints.png, id=279, 1838.87pt x 742.775pt>
File: figs/line7_resid_MCSconstraints.png Graphic file (type png)

<use figs/line7_resid_MCSconstraints.png>
Package pdftex.def Info: figs/line7_resid_MCSconstraints.png used on input line
 235.
(pdftex.def)             Requested size: 533.25865pt x 215.39923pt.

Overfull \hbox (115.00493pt too wide) in paragraph at lines 235--236
 [][]
 []


LaTeX Warning: `!h' float specifier changed to `!ht'.


Underfull \vbox (badness 10000) has occurred while \output is active []

 [6 <./figs/Salton7base_final11_topo_edit2.png> <./figs/Line7_withMCS.png>]
Overfull \hbox (63.5785pt too wide) in paragraph at lines 251--252
[]\T1/RobotoSlab-LF/m/sl/10.95 (-10) The start-ing model is un-der in-ver-sion1
4, and is named salton7base_14_0.vm,
 []

<figs/inv14_0.png, id=289, 1304.875pt x 549.05125pt>
File: figs/inv14_0.png Graphic file (type png)
 <use figs/inv14_0.png>
Package pdftex.def Info: figs/inv14_0.png used on input line 290.
(pdftex.def)             Requested size: 391.46552pt x 164.71664pt.


LaTeX Warning: `!h' float specifier changed to `!ht'.


Package hyperref Warning: No autoref name for `subexperiment' on input line 304
.


Underfull \vbox (badness 1320) has occurred while \output is active []

 [7 <./figs/line7_resid_MCSconstraints.png>] [8 <./figs/inv14_0.png>] [9] [10

]

Package hyperref Warning: No autoref name for `subexperiment' on input line 377
.


Overfull \hbox (8.36923pt too wide) in paragraph at lines 379--380
\T1/RobotoSlab-LF/m/sl/10.95 (-10) is quite splotchy. See in [][]Fig-ure 5[][][
]. I used salton7_shuttle_update.m
 []


<../inversion14/figures/vm12_preshuttle.png, id=320, 1213.53375pt x 403.5075pt>
File: ../inversion14/figures/vm12_preshuttle.png Graphic file (type png)
<use ../inversion14/figures/vm12_preshuttle.png>
Package pdftex.def Info: ../inversion14/figures/vm12_preshuttle.png used on inp
ut line 383.
(pdftex.def)             Requested size: 485.4049pt x 161.40013pt.

Overfull \hbox (67.15118pt too wide) in paragraph at lines 383--384
 [][]
 []


Overfull \hbox (5.71222pt too wide) in paragraph at lines 390--392
[]\T1/RobotoSlab-LF/m/sl/10.95 (-10) "Shuttles/line7shuttles/salton_smshuttle_i
nv14.vm". This was
 []

<figs/shuttlesInv14.png, id=321, 656.4525pt x 658.46pt>
File: figs/shuttlesInv14.png Graphic file (type png)

<use figs/shuttlesInv14.png>
Package pdftex.def Info: figs/shuttlesInv14.png used on input line 397.
(pdftex.def)             Requested size: 393.87454pt x 395.07906pt.


LaTeX Warning: `!h' float specifier changed to `!ht'.

[11

 <../inversion14/figures/vm12_preshuttle.png>]
<figs/inv14_it13_FINAL.png, id=331, 1189.44376pt x 475.7775pt>
File: figs/inv14_it13_FINAL.png Graphic file (type png)

<use figs/inv14_it13_FINAL.png>
Package pdftex.def Info: figs/inv14_it13_FINAL.png used on input line 409.
(pdftex.def)             Requested size: 475.76907pt x 190.30762pt.

Overfull \hbox (57.51535pt too wide) in paragraph at lines 409--410
 [][]
 []


LaTeX Warning: `!h' float specifier changed to `!ht'.

[12 <./figs/shuttlesInv14.png>] [13 <./figs/inv14_it13_FINAL.png>]
<figs/inv15_0.png, id=346, 1191.45125pt x 470.75874pt>
File: figs/inv15_0.png Graphic file (type png)
 <use figs/inv15_0.png>
Package pdftex.def Info: figs/inv15_0.png used on input line 473.
(pdftex.def)             Requested size: 476.57207pt x 188.30016pt.

Overfull \hbox (58.31834pt too wide) in paragraph at lines 473--474
 [][]
 []


LaTeX Warning: `!h' float specifier changed to `!ht'.

[14

] [15 <./figs/inv15_0.png>]

Package hyperref Warning: No autoref name for `subexperiment' on input line 481
.


Underfull \vbox (badness 10000) has occurred while \output is active []

 [16

]
<figs/Inv15_final.png, id=369, 1250.6725pt x 384.43625pt>
File: figs/Inv15_final.png Graphic file (type png)

<use figs/Inv15_final.png>
Package pdftex.def Info: figs/Inv15_final.png used on input line 542.
(pdftex.def)             Requested size: 437.74194pt x 134.55469pt.

Overfull \hbox (19.48822pt too wide) in paragraph at lines 542--543
 [][]
 []

<figs/Inv16_0.png, id=371, 1253.68375pt x 433.62pt>
File: figs/Inv16_0.png Graphic file (type png)
 <use figs/Inv16_0.png>
Package pdftex.def Info: figs/Inv16_0.png used on input line 561.
(pdftex.def)             Requested size: 438.79588pt x 151.76927pt.

Overfull \hbox (20.54216pt too wide) in paragraph at lines 561--562
 [][]
 []


LaTeX Warning: `!h' float specifier changed to `!ht'.


Package hyperref Warning: No autoref name for `subexperiment' on input line 567
.

[17 <./figs/Inv15_final.png>]
Underfull \vbox (badness 7522) has occurred while \output is active []

 [18 <./figs/Inv16_0.png>] <figs/Inv16_final.png, id=389, 1148.29pt x 359.3425p
t>
File: figs/Inv16_final.png Graphic file (type png)

<use figs/Inv16_final.png>
Package pdftex.def Info: figs/Inv16_final.png used on input line 614.
(pdftex.def)             Requested size: 401.90752pt x 125.77174pt.
 <figs/Inv17_0.png, id=391, 1170.3725pt x 353.32pt>
File: figs/Inv17_0.png Graphic file (type png)

<use figs/Inv17_0.png>
Package pdftex.def Info: figs/Inv17_0.png used on input line 636.
(pdftex.def)             Requested size: 468.1407pt x 141.32549pt.

Overfull \hbox (49.88698pt too wide) in paragraph at lines 636--637
 [][]
 []

[19 <./figs/Inv16_final.png>] [20 <./figs/Inv17_0.png>] [21]
<figs/inv17preshut.png, id=414, 1166.3575pt x 386.44376pt>
File: figs/inv17preshut.png Graphic file (type png)

<use figs/inv17preshut.png>
Package pdftex.def Info: figs/inv17preshut.png used on input line 715.
(pdftex.def)             Requested size: 466.53474pt x 154.57475pt.

Overfull \hbox (48.28102pt too wide) in paragraph at lines 715--716
 [][]
 []

<figs/inv17postshut_orig.png, id=416, 707.64375pt x 626.34pt>
File: figs/inv17postshut_orig.png Graphic file (type png)

<use figs/inv17postshut_orig.png>
Package pdftex.def Info: figs/inv17postshut_orig.png used on input line 724.
(pdftex.def)             Requested size: 424.58952pt x 375.80688pt.

Overfull \hbox (6.3358pt too wide) in paragraph at lines 724--725
 [][]
 []


LaTeX Warning: `!h' float specifier changed to `!ht'.

<figs/inv17postshut.png, id=418, 860.21375pt x 633.36626pt>
File: figs/inv17postshut.png Graphic file (type png)

<use figs/inv17postshut.png>
Package pdftex.def Info: figs/inv17postshut.png used on input line 733.
(pdftex.def)             Requested size: 344.07939pt x 253.34201pt.


LaTeX Warning: `!h' float specifier changed to `!ht'.


Overfull \hbox (18.87668pt too wide) in paragraph at lines 746--747
\T1/RobotoSlab-LF/m/sl/10.95 (-10) After in-ver-sion it-er-a-tion 11, the ve-lo
c-i-ties around the in-ter-face/surface
 []

[22

 <./figs/inv17preshut.png>]
<figs/Inv17final.png, id=429, 1404.24625pt x 440.64626pt>
File: figs/Inv17final.png Graphic file (type png)

<use figs/Inv17final.png>
Package pdftex.def Info: figs/Inv17final.png used on input line 751.
(pdftex.def)             Requested size: 491.49355pt x 154.22849pt.

Overfull \hbox (73.23982pt too wide) in paragraph at lines 751--752
 [][]
 []


LaTeX Warning: `!h' float specifier changed to `!ht'.

<figs/Inv17FinRay.png, id=430, 937.5025pt x 888.31876pt>
File: figs/Inv17FinRay.png Graphic file (type png)

<use figs/Inv17FinRay.png>
Package pdftex.def Info: figs/Inv17FinRay.png used on input line 758.
(pdftex.def)             Requested size: 468.7501pt x 444.1583pt.

Overfull \hbox (50.49638pt too wide) in paragraph at lines 758--759
 [][]
 []


LaTeX Warning: `!h' float specifier changed to `!ht'.

[23 <./figs/inv17postshut_orig.png>] [24 <./figs/inv17postshut.png> <./figs/Inv
17final.png>] [25 <./figs/Inv17FinRay.png>]
<figs/Inv18_0.png, id=451, 1107.13625pt x 330.23375pt>
File: figs/Inv18_0.png Graphic file (type png)
 <use figs/Inv18_0.png>
Package pdftex.def Info: figs/Inv18_0.png used on input line 777.
(pdftex.def)             Requested size: 442.84665pt x 132.09114pt.

Overfull \hbox (24.59293pt too wide) in paragraph at lines 777--778
 [][]
 []


Overfull \hbox (45.18892pt too wide) in paragraph at lines 782--783
[]\T1/RobotoSlab-LF/m/sl/10.95 (-10) The scripts used are salton7base_raytr18.c
sh and salton7base_inv18.csh;
 []

[26

 <./figs/Inv18_0.png>] [27] [28]
<figs/inv18_preshut.png, id=471, 1163.34625pt x 418.56375pt>
File: figs/inv18_preshut.png Graphic file (type png)

<use figs/inv18_preshut.png>
Package pdftex.def Info: figs/inv18_preshut.png used on input line 857.
(pdftex.def)             Requested size: 465.33026pt x 167.42252pt.

Overfull \hbox (47.07654pt too wide) in paragraph at lines 857--858
 [][]
 []

<figs/inv18_postshuttle.png, id=473, 734.745pt x 617.30624pt>
File: figs/inv18_postshuttle.png Graphic file (type png)

<use figs/inv18_postshuttle.png>
Package pdftex.def Info: figs/inv18_postshuttle.png used on input line 867.
(pdftex.def)             Requested size: 367.3716pt x 308.65236pt.


LaTeX Warning: `!h' float specifier changed to `!ht'.

[29

 <./figs/inv18_preshut.png>]
<figs/inv18final.png, id=482, 1175.39125pt x 382.42876pt>
File: figs/inv18final.png Graphic file (type png)

<use figs/inv18final.png>
Package pdftex.def Info: figs/inv18final.png used on input line 884.
(pdftex.def)             Requested size: 470.14818pt x 152.96878pt.

Overfull \hbox (51.89445pt too wide) in paragraph at lines 884--885
 [][]
 []


LaTeX Warning: `!h' float specifier changed to `!ht'.

<figs/inv18finalRay.png, id=484, 1100.11pt x 870.25125pt>
File: figs/inv18finalRay.png Graphic file (type png)

<use figs/inv18finalRay.png>
Package pdftex.def Info: figs/inv18finalRay.png used on input line 893.
(pdftex.def)             Requested size: 440.03621pt x 348.09433pt.

Overfull \hbox (21.78249pt too wide) in paragraph at lines 893--894
 [][]
 []


LaTeX Warning: `!h' float specifier changed to `!ht'.


Underfull \vbox (badness 10000) has occurred while \output is active []

 [30 <./figs/inv18_postshuttle.png>]
Underfull \vbox (badness 10000) has occurred while \output is active []

 [31 <./figs/inv18final.png> <./figs/inv18finalRay.png>]
<figs/Inv18It5pre19.png, id=501, 1168.365pt x 357.335pt>
File: figs/Inv18It5pre19.png Graphic file (type png)

<use figs/Inv18It5pre19.png>
Package pdftex.def Info: figs/Inv18It5pre19.png used on input line 908.
(pdftex.def)             Requested size: 467.33772pt x 142.93146pt.

Overfull \hbox (49.084pt too wide) in paragraph at lines 908--909
 [][]
 []

<figs/Inv19startshut.png, id=502, 1058.95625pt x 667.49374pt>
File: figs/Inv19startshut.png Graphic file (type png)

<use figs/Inv19startshut.png>
Package pdftex.def Info: figs/Inv19startshut.png used on input line 915.
(pdftex.def)             Requested size: 423.575pt x 266.99277pt.

Overfull \hbox (5.32127pt too wide) in paragraph at lines 915--916
 [][]
 []


LaTeX Warning: `!h' float specifier changed to `!ht'.

<figs/Inv19start.png, id=504, 1172.38pt x 358.33875pt>
File: figs/Inv19start.png Graphic file (type png)

<use figs/Inv19start.png>
Package pdftex.def Info: figs/Inv19start.png used on input line 924.
(pdftex.def)             Requested size: 468.9437pt x 143.33296pt.

Overfull \hbox (50.68997pt too wide) in paragraph at lines 924--925
 [][]
 []


LaTeX Warning: `!h' float specifier changed to `!ht'.

[32 <./figs/Inv18It5pre19.png>] [33 <./figs/Inv19startshut.png> <./figs/Inv19st
art.png>]

Package hyperref Warning: No autoref name for `subexperiment' on input line 934
.

[34

] <figs/Inv19final.png, id=529, 1215.54124pt x 401.5pt>
File: figs/Inv19final.png Graphic file (type png)

<use figs/Inv19final.png>
Package pdftex.def Info: figs/Inv19final.png used on input line 988.
(pdftex.def)             Requested size: 486.20789pt x 160.59715pt.

Overfull \hbox (67.95416pt too wide) in paragraph at lines 988--989
 [][]
 []

<figs/Inv19finalRay.png, id=530, 988.69376pt x 893.3375pt>
File: figs/Inv19finalRay.png Graphic file (type png)

<use figs/Inv19finalRay.png>
Package pdftex.def Info: figs/Inv19finalRay.png used on input line 995.
(pdftex.def)             Requested size: 395.4705pt x 357.32866pt.


LaTeX Warning: `!h' float specifier changed to `!ht'.

[35

 <./figs/Inv19final.png>] [36 <./figs/Inv19finalRay.png>]
Overfull \hbox (13.65855pt too wide) in paragraph at lines 1008--1009
\T1/RobotoSlab-LF/m/sl/10.95 (-10) ters are the same as in-ver-sion 17. Like-wi
se, in salton7base_inv20.csh,
 []


Package hyperref Warning: No autoref name for `subexperiment' on input line 101
1.

[37

] [38] [39] <figs/inv20_preshut.png, id=566, 1177.39874pt x 360.34625pt>
File: figs/inv20_preshut.png Graphic file (type png)

<use figs/inv20_preshut.png>
Package pdftex.def Info: figs/inv20_preshut.png used on input line 1095.
(pdftex.def)             Requested size: 470.95116pt x 144.13594pt.

Overfull \hbox (52.69743pt too wide) in paragraph at lines 1095--1096
 [][]
 []

<figs/inv20_postshuttle.png, id=567, 873.2625pt x 652.4375pt>
File: figs/inv20_postshuttle.png Graphic file (type png)

<use figs/inv20_postshuttle.png>
Package pdftex.def Info: figs/inv20_postshuttle.png used on input line 1102.
(pdftex.def)             Requested size: 349.29881pt x 260.97037pt.


LaTeX Warning: `!h' float specifier changed to `!ht'.

<figs/inv20final.png, id=570, 1625.07124pt x 576.1525pt>
File: figs/inv20final.png Graphic file (type png)

<use figs/inv20final.png>
Package pdftex.def Info: figs/inv20final.png used on input line 1114.
(pdftex.def)             Requested size: 487.52515pt x 172.84708pt.

Overfull \hbox (69.27142pt too wide) in paragraph at lines 1114--1115
 [][]
 []


LaTeX Warning: `!h' float specifier changed to `!ht'.

<figs/inv20finalRay.png, id=571, 1248.665pt x 1131.22626pt>
File: figs/inv20finalRay.png Graphic file (type png)

<use figs/inv20finalRay.png>
Package pdftex.def Info: figs/inv20finalRay.png used on input line 1121.
(pdftex.def)             Requested size: 374.60239pt x 339.3705pt.


LaTeX Warning: `!h' float specifier changed to `!ht'.

[40

 <./figs/inv20_preshut.png>] [41 <./figs/inv20_postshuttle.png> <./figs/inv20fi
nal.png>] [42 <./figs/inv20finalRay.png>]
Overfull \hbox (2.31203pt too wide) in paragraph at lines 1136--1137
\T1/RobotoSlab-LF/m/sl/10.95 (-10) re-name them salton7base_raytr21.csh and sal
ton7base_inv21.csh,
 []


Package hyperref Warning: No autoref name for `subexperiment' on input line 114
5.

[43

] [44] [45] <figs/inv21_preshut.png, id=614, 1618.045pt x 504.88625pt>
File: figs/inv21_preshut.png Graphic file (type png)

<use figs/inv21_preshut.png>
Package pdftex.def Info: figs/inv21_preshut.png used on input line 1217.
(pdftex.def)             Requested size: 485.41725pt x 151.46703pt.

Overfull \hbox (67.16353pt too wide) in paragraph at lines 1217--1218
 [][]
 []

<figs/inv21_postshut.png, id=615, 1130.2225pt x 1050.92625pt>
File: figs/inv21_postshut.png Graphic file (type png)

<use figs/inv21_postshut.png>
Package pdftex.def Info: figs/inv21_postshut.png used on input line 1224.
(pdftex.def)             Requested size: 339.06937pt x 315.2803pt.
 [46

 <./figs/inv21_preshut.png> <./figs/inv21_postshut.png>] <figs/inv21final.png, 
id=625, 1614.03pt x 543.02875pt>
File: figs/inv21final.png Graphic file (type png)

<use figs/inv21final.png>
Package pdftex.def Info: figs/inv21final.png used on input line 1237.
(pdftex.def)             Requested size: 484.21274pt x 162.90987pt.

Overfull \hbox (65.95901pt too wide) in paragraph at lines 1237--1238
 [][]
 []

<figs/inv21finalRay.png, id=626, 1314.9125pt x 1123.19624pt>
File: figs/inv21finalRay.png Graphic file (type png)

<use figs/inv21finalRay.png>
Package pdftex.def Info: figs/inv21finalRay.png used on input line 1244.
(pdftex.def)             Requested size: 394.47679pt x 336.96147pt.


LaTeX Warning: `!h' float specifier changed to `!ht'.

[47 <./figs/inv21final.png>] [48 <./figs/inv21finalRay.png>]
<figs/interface_figures/inv14.pdf, id=640, 711.65875pt x 308.15125pt>
File: figs/interface_figures/inv14.pdf Graphic file (type pdf)

<use figs/interface_figures/inv14.pdf>
Package pdftex.def Info: figs/interface_figures/inv14.pdf used on input line 12
61.
(pdftex.def)             Requested size: 426.99855pt x 184.89217pt.

Overfull \hbox (8.74483pt too wide) in paragraph at lines 1261--1262
 [][]
 []

<figs/interface_figures/inv15.pdf, id=643, 711.65875pt x 308.15125pt>
File: figs/interface_figures/inv15.pdf Graphic file (type pdf)

<use figs/interface_figures/inv15.pdf>
Package pdftex.def Info: figs/interface_figures/inv15.pdf used on input line 12
71.
(pdftex.def)             Requested size: 426.99855pt x 184.89217pt.

Overfull \hbox (8.74483pt too wide) in paragraph at lines 1271--1272
 [][]
 []

[49

 <./figs/interface_figures/inv14.pdf>]
<figs/interface_figures/inv16.pdf, id=667, 711.65875pt x 308.15125pt>
File: figs/interface_figures/inv16.pdf Graphic file (type pdf)

<use figs/interface_figures/inv16.pdf>
Package pdftex.def Info: figs/interface_figures/inv16.pdf used on input line 12
78.
(pdftex.def)             Requested size: 426.99855pt x 184.89217pt.

Overfull \hbox (8.74483pt too wide) in paragraph at lines 1278--1279
 [][]
 []

[50 <./figs/interface_figures/inv15.pdf> <./figs/interface_figures/inv16.pdf>]
<figs/interface_figures/inv17.pdf, id=693, 711.65875pt x 308.15125pt>
File: figs/interface_figures/inv17.pdf Graphic file (type pdf)

<use figs/interface_figures/inv17.pdf>
Package pdftex.def Info: figs/interface_figures/inv17.pdf used on input line 12
88.
(pdftex.def)             Requested size: 426.99855pt x 184.89217pt.

Overfull \hbox (8.74483pt too wide) in paragraph at lines 1288--1289
 [][]
 []

<figs/interface_figures/inv20.pdf, id=694, 711.65875pt x 308.15125pt>
File: figs/interface_figures/inv20.pdf Graphic file (type pdf)

<use figs/interface_figures/inv20.pdf>
Package pdftex.def Info: figs/interface_figures/inv20.pdf used on input line 12
95.
(pdftex.def)             Requested size: 426.99855pt x 184.89217pt.

Overfull \hbox (8.74483pt too wide) in paragraph at lines 1295--1296
 [][]
 []

[51 <./figs/interface_figures/inv17.pdf> <./figs/interface_figures/inv20.pdf>]
<figs/interface_figures/inv18.pdf, id=726, 711.65875pt x 308.15125pt>
File: figs/interface_figures/inv18.pdf Graphic file (type pdf)

<use figs/interface_figures/inv18.pdf>
Package pdftex.def Info: figs/interface_figures/inv18.pdf used on input line 13
07.
(pdftex.def)             Requested size: 426.99855pt x 184.89217pt.

Overfull \hbox (8.74483pt too wide) in paragraph at lines 1307--1308
 [][]
 []

<figs/interface_figures/inv21.pdf, id=727, 711.65875pt x 308.15125pt>
File: figs/interface_figures/inv21.pdf Graphic file (type pdf)

<use figs/interface_figures/inv21.pdf>
Package pdftex.def Info: figs/interface_figures/inv21.pdf used on input line 13
14.
(pdftex.def)             Requested size: 426.99855pt x 184.89217pt.

Overfull \hbox (8.74483pt too wide) in paragraph at lines 1314--1315
 [][]
 []

File: figs/inv18finalRay.png Graphic file (type png)
<use figs/inv18finalRay.png>
Package pdftex.def Info: figs/inv18finalRay.png used on input line 1322.
(pdftex.def)             Requested size: 495.04494pt x 391.60945pt.

Overfull \hbox (76.79121pt too wide) in paragraph at lines 1322--1323
 [][]
 []


LaTeX Warning: `!h' float specifier changed to `!ht'.

File: figs/inv21finalRay.png Graphic file (type png)
<use figs/inv21finalRay.png>
Package pdftex.def Info: figs/inv21finalRay.png used on input line 1329.
(pdftex.def)             Requested size: 394.47679pt x 336.96147pt.


LaTeX Warning: `!h' float specifier changed to `!ht'.

[52 <./figs/interface_figures/inv18.pdf> <./figs/interface_figures/inv21.pdf>]
[53]
</Users/vjsahakian/SaltonSea/Paper/Draft4/figs/schematic/line7schematic_crop.pd
f, id=758, 789.91112pt x 210.7875pt>
File: /Users/vjsahakian/SaltonSea/Paper/Draft4/figs/schematic/line7schematic_cr
op.pdf Graphic file (type pdf)

<use /Users/vjsahakian/SaltonSea/Paper/Draft4/figs/schematic/line7schematic_cro
p.pdf>
Package pdftex.def Info: /Users/vjsahakian/SaltonSea/Paper/Draft4/figs/schemati
c/line7schematic_crop.pdf used on input line 1347.
(pdftex.def)             Requested size: 434.45245pt x 115.93347pt.

Overfull \hbox (16.19873pt too wide) in paragraph at lines 1347--1348
 [][]
 []


LaTeX Warning: `!h' float specifier changed to `!ht'.

(./journal.brf)
\tf@brf=\write6
\openout6 = `journal.brf'.

 [54] [55 </Users/vjsahakian/SaltonSea/Paper/Draft4/figs/schematic/line7schemat
ic_crop.pdf>] [56


]
pdfTeX warning (font expansion): font should be expanded before its first use

AED: lastpage setting LastPage
[57]
Package atveryend Info: Empty hook `BeforeClearDocument' on input line 1371.
Package atveryend Info: Empty hook `AfterLastShipout' on input line 1371.
 (./journal.aux)
Package atveryend Info: Executing hook `AtVeryEndDocument' on input line 1371.
Package atveryend Info: Executing hook `AtEndAfterFileList' on input line 1371.

Package rerunfilecheck Info: File `journal.out' has not changed.
(rerunfilecheck)             Checksum: AA01EC722C2C70A8126563D286D5747E;3882.
Package rerunfilecheck Info: File `journal.brf' has not changed.
(rerunfilecheck)             Checksum: D41D8CD98F00B204E9800998ECF8427E;0.


LaTeX Font Warning: Some font shapes were not available, defaults substituted.


LaTeX Warning: There were multiply-defined labels.

 ) 
Here is how much of TeX's memory you used:
 13621 strings out of 493117
 212597 string characters out of 6135433
 486784 words of memory out of 5000000
 16564 multiletter control sequences out of 15000+600000
 40044 words of font info for 107 fonts, out of 8000000 for 9000
 1141 hyphenation exceptions out of 8191
 45i,11n,55p,1011b,596s stack positions out of 5000i,500n,10000p,200000b,80000s
{/usr/local/texlive/2014/texmf-dist/fonts/enc/dvips/cm-super/cm-super-t1.enc}
{/usr/local/texlive/2014/texmf-dist/fonts/enc/dvips/base/8r.enc}</usr/local/tex
live/2014/texmf-dist/fonts/type1/public/amsfonts/cm/cmr10.pfb></usr/local/texli
ve/2014/texmf-dist/fonts/type1/public/mathpazo/fplmri.pfb></usr/local/texlive/2
014/texmf-dist/fonts/type1/public/cm-super/sfrm0800.pfb></usr/local/texlive/201
4/texmf-dist/fonts/type1/public/cm-super/sfrm0900.pfb></usr/local/texlive/2014/
texmf-dist/fonts/type1/public/cm-super/sfrm1095.pfb></usr/local/texlive/2014/te
xmf-dist/fonts/type1/public/cm-super/sfrm1440.pfb></usr/local/texlive/2014/texm
f-dist/fonts/type1/public/cm-super/sfrm2074.pfb></usr/local/texlive/2014/texmf-
dist/fonts/type1/urw/helvetic/uhvb8a.pfb></usr/local/texlive/2014/texmf-dist/fo
nts/type1/urw/palatino/uplr8a.pfb>
Output written on journal.pdf (57 pages, 20764578 bytes).
PDF statistics:
 867 PDF objects out of 1000 (max. 8388607)
 725 compressed objects within 8 object streams
 174 named destinations out of 1000 (max. 500000)
 21584 words of extra memory for PDF output out of 24883 (max. 10000000)

